#
# There is insufficient memory for the Java Runtime Environment to continue.
# Native memory allocation (malloc) failed to allocate 594096 bytes for Chunk::new
# Possible reasons:
#   The system is out of physical RAM or swap space
#   The process is running with CompressedOops enabled, and the Java Heap may be blocking the growth of the native heap
# Possible solutions:
#   Reduce memory load on the system
#   Increase physical memory or swap space
#   Check if swap backing store is full
#   Decrease Java heap size (-Xmx/-Xms)
#   Decrease number of Java threads
#   Decrease Java thread stack sizes (-Xss)
#   Set larger code cache with -XX:ReservedCodeCacheSize=
#   JVM is running with Unscaled Compressed Oops mode in which the Java heap is
#     placed in the first 4GB address space. The Java Heap base address is the
#     maximum limit for the native heap growth. Please use -XX:HeapBaseMinAddress
#     to set the Java Heap base and to place the Java Heap above 4GB virtual address.
# This output file may be truncated or incomplete.
#
#  Out of Memory Error (t:/workspace/hotspot/src/share/vm/memory/allocation.cpp:372), pid=9608, tid=10492
#
# JRE version: Java(TM) SE Runtime Environment (9.0+11) (build 9.0.4+11)
# Java VM: Java HotSpot(TM) 64-Bit Server VM (9.0.4+11, mixed mode, tiered, compressed oops, g1 gc, windows-amd64)
# No core dump will be written. Minidumps are not enabled by default on client versions of Windows
#

---------------  S U M M A R Y ------------

Command Line: -agentlib:jdwp=transport=dt_socket,address=127.0.0.1:54337,suspend=y,server=n -javaagent:C:\Users\josep_000\.IdeaIC2017.3\system\captureAgent\debugger-agent.jar=C:\Users\josep_000\AppData\Local\Temp\capture1140.props -Dfile.encoding=UTF-8 byog.Core.WorldGeneration

Host: Intel(R) Core(TM) i7-4800MQ CPU @ 2.70GHz, 8 cores, 7G,  Windows 10 , 64 bit Build 16299 (10.0.16299.15)
Time: Thu Feb 22 15:47:37 2018 Pacific Standard Time elapsed time: 7 seconds (0d 0h 0m 7s)

---------------  T H R E A D  ---------------

Current thread (0x0000016ce4b58800):  JavaThread "C2 CompilerThread1" daemon [_thread_in_native, id=10492, stack(0x0000006516700000,0x0000006516800000)]


Current CompileTask:
C2:   7191  646       4       jdk.internal.org.objectweb.asm.Frame::execute (2252 bytes)

Stack: [0x0000006516700000,0x0000006516800000]
Native frames: (J=compiled Java code, j=interpreted, Vv=VM code, C=native code)
V  [jvm.dll+0x587068]
V  [jvm.dll+0x69c25e]
V  [jvm.dll+0x69d17a]
V  [jvm.dll+0x69d7b3]
V  [jvm.dll+0x21d198]
V  [jvm.dll+0xa7aac]
V  [jvm.dll+0xa83ec]
V  [jvm.dll+0x28b3a4]
V  [jvm.dll+0x4aedea]
V  [jvm.dll+0x1eb649]
V  [jvm.dll+0x1e8d11]
V  [jvm.dll+0x1691cb]
V  [jvm.dll+0x1f6570]
V  [jvm.dll+0x1f51f6]
V  [jvm.dll+0x66b44f]
V  [jvm.dll+0x586490]
C  [msvcr120.dll+0x24f7f]
C  [msvcr120.dll+0x25126]
C  [KERNEL32.DLL+0x11fe4]
C  [ntdll.dll+0x6efc1]


---------------  P R O C E S S  ---------------

Java Threads: ( => current thread )
  0x0000016ce53dd000 JavaThread "AWT-Windows" daemon [_thread_in_native, id=6620, stack(0x0000006517300000,0x0000006517400000)]
  0x0000016ce51dd000 JavaThread "Java2D Disposer" daemon [_thread_blocked, id=5692, stack(0x0000006517100000,0x0000006517200000)]
  0x0000016ce4fd5800 JavaThread "Service Thread" daemon [_thread_blocked, id=6936, stack(0x0000006516f00000,0x0000006517000000)]
  0x0000016ce4f54000 JavaThread "JDWP Command Reader" daemon [_thread_in_native, id=3936, stack(0x0000006516e00000,0x0000006516f00000)]
  0x0000016ce4f46800 JavaThread "JDWP Event Helper Thread" daemon [_thread_blocked, id=10596, stack(0x0000006516d00000,0x0000006516e00000)]
  0x0000016ce4f43000 JavaThread "JDWP Transport Listener: dt_socket" daemon [_thread_blocked, id=7452, stack(0x0000006516c00000,0x0000006516d00000)]
  0x0000016ce4bdd000 JavaThread "Common-Cleaner" daemon [_thread_blocked, id=4320, stack(0x0000006516b00000,0x0000006516c00000)]
  0x0000016ce4b65000 JavaThread "Sweeper thread" daemon [_thread_blocked, id=4516, stack(0x0000006516a00000,0x0000006516b00000)]
  0x0000016ce4b64000 JavaThread "C1 CompilerThread3" daemon [_thread_in_native, id=5008, stack(0x0000006516900000,0x0000006516a00000)]
  0x0000016ce4b63800 JavaThread "C2 CompilerThread2" daemon [_thread_in_native, id=6908, stack(0x0000006516800000,0x0000006516900000)]
=>0x0000016ce4b58800 JavaThread "C2 CompilerThread1" daemon [_thread_in_native, id=10492, stack(0x0000006516700000,0x0000006516800000)]
  0x0000016ce4b58000 JavaThread "C2 CompilerThread0" daemon [_thread_in_native, id=8820, stack(0x0000006516600000,0x0000006516700000)]
  0x0000016ce4b53000 JavaThread "Attach Listener" daemon [_thread_blocked, id=10364, stack(0x0000006516500000,0x0000006516600000)]
  0x0000016ce4b52800 JavaThread "Signal Dispatcher" daemon [_thread_blocked, id=8732, stack(0x0000006516400000,0x0000006516500000)]
  0x0000016ce4b03000 JavaThread "Finalizer" daemon [_thread_blocked, id=10404, stack(0x0000006516300000,0x0000006516400000)]
  0x0000016ce4af7000 JavaThread "Reference Handler" daemon [_thread_blocked, id=6288, stack(0x0000006516200000,0x0000006516300000)]
  0x0000016cc0de5000 JavaThread "main" [_thread_in_vm, id=8420, stack(0x0000006514c00000,0x0000006514d00000)]

Other Threads:
  0x0000016ce4af1000 VMThread "VM Thread" [stack: 0x0000006516100000,0x0000006516200000] [id=9832]
  0x0000016ce4fd2000 WatcherThread [stack: 0x0000006517000000,0x0000006517100000] [id=4616]
  0x0000016cc0dfc000 GCTaskThread "GC Thread#0" [stack: 0x0000006514d00000,0x0000006514e00000] [id=4028]
  0x0000016cc0dfd000 GCTaskThread "GC Thread#1" [stack: 0x0000006514e00000,0x0000006514f00000] [id=5868]
  0x0000016cc0dff800 GCTaskThread "GC Thread#2" [stack: 0x0000006514f00000,0x0000006515000000] [id=688]
  0x0000016cc0e01000 GCTaskThread "GC Thread#3" [stack: 0x0000006515000000,0x0000006515100000] [id=8100]
  0x0000016cc0e05800 GCTaskThread "GC Thread#4" [stack: 0x0000006515100000,0x0000006515200000] [id=560]
  0x0000016cc0e0f800 GCTaskThread "GC Thread#5" [stack: 0x0000006515200000,0x0000006515300000] [id=11256]
  0x0000016cc0e19000 GCTaskThread "GC Thread#6" [stack: 0x0000006515300000,0x0000006515400000] [id=2944]
  0x0000016cc0e19800 GCTaskThread "GC Thread#7" [stack: 0x0000006515400000,0x0000006515500000] [id=3140]
  0x0000016cc0e74000 ConcurrentGCThread "G1 Main Marker" [stack: 0x0000006515e00000,0x0000006515f00000] [id=9436]
  0x0000016cc0e75000 ConcurrentGCThread "G1 Marker#0" [stack: 0x0000006515f00000,0x0000006516000000] [id=9288]
  0x0000016cc0e75800 ConcurrentGCThread "G1 Marker#1" [stack: 0x0000006516000000,0x0000006516100000] [id=10648]
  0x0000016cc0e2d800 ConcurrentGCThread "G1 Refine#0" [stack: 0x0000006515c00000,0x0000006515d00000] [id=12428]
  0x0000016cc0e30000 ConcurrentGCThread "G1 Refine#1" [stack: 0x0000006515b00000,0x0000006515c00000] [id=5048]
  0x0000016cc0e2c800 ConcurrentGCThread "G1 Refine#2" [stack: 0x0000006515a00000,0x0000006515b00000] [id=1356]
  0x0000016cc0e2a800 ConcurrentGCThread "G1 Refine#3" [stack: 0x0000006515900000,0x0000006515a00000] [id=9388]
  0x0000016cc0e28000 ConcurrentGCThread "G1 Refine#4" [stack: 0x0000006515800000,0x0000006515900000] [id=10812]
  0x0000016cc0e1f000 ConcurrentGCThread "G1 Refine#5" [stack: 0x0000006515700000,0x0000006515800000] [id=5440]
  0x0000016cc0e1c000 ConcurrentGCThread "G1 Refine#6" [stack: 0x0000006515600000,0x0000006515700000] [id=10560]
  0x0000016cc0e1a800 ConcurrentGCThread "G1 Refine#7" [stack: 0x0000006515500000,0x0000006515600000] [id=11668]
  0x0000016cc0e48800 ConcurrentGCThread "G1 Young RemSet Sampling" [stack: 0x0000006515d00000,0x0000006515e00000] [id=10076]

Threads with active compile tasks:
C1 CompilerThread3 686   !   3       java.util.concurrent.ConcurrentHashMap::computeIfAbsent (576 bytes)
C2 CompilerThread2 671       4       jdk.internal.org.objectweb.asm.ClassWriter::newUTF8 (70 bytes)
C2 CompilerThread1 646       4       jdk.internal.org.objectweb.asm.Frame::execute (2252 bytes)
C2 CompilerThread0 669       4       jdk.internal.org.objectweb.asm.Type::getArgumentsAndReturnSizes (151 bytes)

VM state:not at safepoint (normal execution)

VM Mutex/Monitor currently owned by a thread: None

Heap address: 0x0000000081200000, size: 2030 MB, Compressed Oops mode: 32-bit
Narrow klass base: 0x0000000000000000, Narrow klass shift: 3
Compressed class space size: 1073741824 Address: 0x0000000100000000

Heap:
 garbage-first heap   total 131072K, used 14336K [0x0000000081200000, 0x0000000081300400, 0x0000000100000000)
  region size 1024K, 15 young (15360K), 0 survivors (0K)
 Metaspace       used 10805K, capacity 11388K, committed 11520K, reserved 1058816K
  class space    used 1067K, capacity 1204K, committed 1280K, reserved 1048576K
Heap Regions: E=young(eden), S=young(survivor), O=old, HS=humongous(starts), HC=humongous(continues), CS=collection set, F=free, A=archive, TS=gc time stamp, AC=allocation context, TAMS=top-at-mark-start (previous, next)
|   0|0x0000000081200000, 0x0000000081200000, 0x0000000081300000|  0%| F|  |TS  0|AC  0|TAMS 0x0000000081200000, 0x0000000081200000|
|   1|0x0000000081300000, 0x0000000081300000, 0x0000000081400000|  0%| F|  |TS  0|AC  0|TAMS 0x0000000081300000, 0x0000000081300000|
|   2|0x0000000081400000, 0x0000000081400000, 0x0000000081500000|  0%| F|  |TS  0|AC  0|TAMS 0x0000000081400000, 0x0000000081400000|
|   3|0x0000000081500000, 0x0000000081500000, 0x0000000081600000|  0%| F|  |TS  0|AC  0|TAMS 0x0000000081500000, 0x0000000081500000|
|   4|0x0000000081600000, 0x0000000081600000, 0x0000000081700000|  0%| F|  |TS  0|AC  0|TAMS 0x0000000081600000, 0x0000000081600000|
|   5|0x0000000081700000, 0x0000000081700000, 0x0000000081800000|  0%| F|  |TS  0|AC  0|TAMS 0x0000000081700000, 0x0000000081700000|
|   6|0x0000000081800000, 0x0000000081800000, 0x0000000081900000|  0%| F|  |TS  0|AC  0|TAMS 0x0000000081800000, 0x0000000081800000|
|   7|0x0000000081900000, 0x0000000081900000, 0x0000000081a00000|  0%| F|  |TS  0|AC  0|TAMS 0x0000000081900000, 0x0000000081900000|
|   8|0x0000000081a00000, 0x0000000081a00000, 0x0000000081b00000|  0%| F|  |TS  0|AC  0|TAMS 0x0000000081a00000, 0x0000000081a00000|
|   9|0x0000000081b00000, 0x0000000081b00000, 0x0000000081c00000|  0%| F|  |TS  0|AC  0|TAMS 0x0000000081b00000, 0x0000000081b00000|
|  10|0x0000000081c00000, 0x0000000081c00000, 0x0000000081d00000|  0%| F|  |TS  0|AC  0|TAMS 0x0000000081c00000, 0x0000000081c00000|
|  11|0x0000000081d00000, 0x0000000081d00000, 0x0000000081e00000|  0%| F|  |TS  0|AC  0|TAMS 0x0000000081d00000, 0x0000000081d00000|
|  12|0x0000000081e00000, 0x0000000081e00000, 0x0000000081f00000|  0%| F|  |TS  0|AC  0|TAMS 0x0000000081e00000, 0x0000000081e00000|
|  13|0x0000000081f00000, 0x0000000081f00000, 0x0000000082000000|  0%| F|  |TS  0|AC  0|TAMS 0x0000000081f00000, 0x0000000081f00000|
|  14|0x0000000082000000, 0x0000000082000000, 0x0000000082100000|  0%| F|  |TS  0|AC  0|TAMS 0x0000000082000000, 0x0000000082000000|
|  15|0x0000000082100000, 0x0000000082100000, 0x0000000082200000|  0%| F|  |TS  0|AC  0|TAMS 0x0000000082100000, 0x0000000082100000|
|  16|0x0000000082200000, 0x0000000082200000, 0x0000000082300000|  0%| F|  |TS  0|AC  0|TAMS 0x0000000082200000, 0x0000000082200000|
|  17|0x0000000082300000, 0x0000000082300000, 0x0000000082400000|  0%| F|  |TS  0|AC  0|TAMS 0x0000000082300000, 0x0000000082300000|
|  18|0x0000000082400000, 0x0000000082400000, 0x0000000082500000|  0%| F|  |TS  0|AC  0|TAMS 0x0000000082400000, 0x0000000082400000|
|  19|0x0000000082500000, 0x0000000082500000, 0x0000000082600000|  0%| F|  |TS  0|AC  0|TAMS 0x0000000082500000, 0x0000000082500000|
|  20|0x0000000082600000, 0x0000000082600000, 0x0000000082700000|  0%| F|  |TS  0|AC  0|TAMS 0x0000000082600000, 0x0000000082600000|
|  21|0x0000000082700000, 0x0000000082700000, 0x0000000082800000|  0%| F|  |TS  0|AC  0|TAMS 0x0000000082700000, 0x0000000082700000|
|  22|0x0000000082800000, 0x0000000082800000, 0x0000000082900000|  0%| F|  |TS  0|AC  0|TAMS 0x0000000082800000, 0x0000000082800000|
|  23|0x0000000082900000, 0x0000000082900000, 0x0000000082a00000|  0%| F|  |TS  0|AC  0|TAMS 0x0000000082900000, 0x0000000082900000|
|  24|0x0000000082a00000, 0x0000000082a00000, 0x0000000082b00000|  0%| F|  |TS  0|AC  0|TAMS 0x0000000082a00000, 0x0000000082a00000|
|  25|0x0000000082b00000, 0x0000000082b00000, 0x0000000082c00000|  0%| F|  |TS  0|AC  0|TAMS 0x0000000082b00000, 0x0000000082b00000|
|  26|0x0000000082c00000, 0x0000000082c00000, 0x0000000082d00000|  0%| F|  |TS  0|AC  0|TAMS 0x0000000082c00000, 0x0000000082c00000|
|  27|0x0000000082d00000, 0x0000000082d00000, 0x0000000082e00000|  0%| F|  |TS  0|AC  0|TAMS 0x0000000082d00000, 0x0000000082d00000|
|  28|0x0000000082e00000, 0x0000000082e00000, 0x0000000082f00000|  0%| F|  |TS  0|AC  0|TAMS 0x0000000082e00000, 0x0000000082e00000|
|  29|0x0000000082f00000, 0x0000000082f00000, 0x0000000083000000|  0%| F|  |TS  0|AC  0|TAMS 0x0000000082f00000, 0x0000000082f00000|
|  30|0x0000000083000000, 0x0000000083000000, 0x0000000083100000|  0%| F|  |TS  0|AC  0|TAMS 0x0000000083000000, 0x0000000083000000|
|  31|0x0000000083100000, 0x0000000083100000, 0x0000000083200000|  0%| F|  |TS  0|AC  0|TAMS 0x0000000083100000, 0x0000000083100000|
|  32|0x0000000083200000, 0x0000000083200000, 0x0000000083300000|  0%| F|  |TS  0|AC  0|TAMS 0x0000000083200000, 0x0000000083200000|
|  33|0x0000000083300000, 0x0000000083300000, 0x0000000083400000|  0%| F|  |TS  0|AC  0|TAMS 0x0000000083300000, 0x0000000083300000|
|  34|0x0000000083400000, 0x0000000083400000, 0x0000000083500000|  0%| F|  |TS  0|AC  0|TAMS 0x0000000083400000, 0x0000000083400000|
|  35|0x0000000083500000, 0x0000000083500000, 0x0000000083600000|  0%| F|  |TS  0|AC  0|TAMS 0x0000000083500000, 0x0000000083500000|
|  36|0x0000000083600000, 0x0000000083600000, 0x0000000083700000|  0%| F|  |TS  0|AC  0|TAMS 0x0000000083600000, 0x0000000083600000|
|  37|0x0000000083700000, 0x0000000083700000, 0x0000000083800000|  0%| F|  |TS  0|AC  0|TAMS 0x0000000083700000, 0x0000000083700000|
|  38|0x0000000083800000, 0x0000000083800000, 0x0000000083900000|  0%| F|  |TS  0|AC  0|TAMS 0x0000000083800000, 0x0000000083800000|
|  39|0x0000000083900000, 0x0000000083900000, 0x0000000083a00000|  0%| F|  |TS  0|AC  0|TAMS 0x0000000083900000, 0x0000000083900000|
|  40|0x0000000083a00000, 0x0000000083a00000, 0x0000000083b00000|  0%| F|  |TS  0|AC  0|TAMS 0x0000000083a00000, 0x0000000083a00000|
|  41|0x0000000083b00000, 0x0000000083b00000, 0x0000000083c00000|  0%| F|  |TS  0|AC  0|TAMS 0x0000000083b00000, 0x0000000083b00000|
|  42|0x0000000083c00000, 0x0000000083c00000, 0x0000000083d00000|  0%| F|  |TS  0|AC  0|TAMS 0x0000000083c00000, 0x0000000083c00000|
|  43|0x0000000083d00000, 0x0000000083d00000, 0x0000000083e00000|  0%| F|  |TS  0|AC  0|TAMS 0x0000000083d00000, 0x0000000083d00000|
|  44|0x0000000083e00000, 0x0000000083e00000, 0x0000000083f00000|  0%| F|  |TS  0|AC  0|TAMS 0x0000000083e00000, 0x0000000083e00000|
|  45|0x0000000083f00000, 0x0000000083f00000, 0x0000000084000000|  0%| F|  |TS  0|AC  0|TAMS 0x0000000083f00000, 0x0000000083f00000|
|  46|0x0000000084000000, 0x0000000084000000, 0x0000000084100000|  0%| F|  |TS  0|AC  0|TAMS 0x0000000084000000, 0x0000000084000000|
|  47|0x0000000084100000, 0x0000000084100000, 0x0000000084200000|  0%| F|  |TS  0|AC  0|TAMS 0x0000000084100000, 0x0000000084100000|
|  48|0x0000000084200000, 0x0000000084200000, 0x0000000084300000|  0%| F|  |TS  0|AC  0|TAMS 0x0000000084200000, 0x0000000084200000|
|  49|0x0000000084300000, 0x0000000084300000, 0x0000000084400000|  0%| F|  |TS  0|AC  0|TAMS 0x0000000084300000, 0x0000000084300000|
|  50|0x0000000084400000, 0x0000000084400000, 0x0000000084500000|  0%| F|  |TS  0|AC  0|TAMS 0x0000000084400000, 0x0000000084400000|
|  51|0x0000000084500000, 0x0000000084500000, 0x0000000084600000|  0%| F|  |TS  0|AC  0|TAMS 0x0000000084500000, 0x0000000084500000|
|  52|0x0000000084600000, 0x0000000084600000, 0x0000000084700000|  0%| F|  |TS  0|AC  0|TAMS 0x0000000084600000, 0x0000000084600000|
|  53|0x0000000084700000, 0x0000000084700000, 0x0000000084800000|  0%| F|  |TS  0|AC  0|TAMS 0x0000000084700000, 0x0000000084700000|
|  54|0x0000000084800000, 0x0000000084800000, 0x0000000084900000|  0%| F|  |TS  0|AC  0|TAMS 0x0000000084800000, 0x0000000084800000|
|  55|0x0000000084900000, 0x0000000084900000, 0x0000000084a00000|  0%| F|  |TS  0|AC  0|TAMS 0x0000000084900000, 0x0000000084900000|
|  56|0x0000000084a00000, 0x0000000084a00000, 0x0000000084b00000|  0%| F|  |TS  0|AC  0|TAMS 0x0000000084a00000, 0x0000000084a00000|
|  57|0x0000000084b00000, 0x0000000084b00000, 0x0000000084c00000|  0%| F|  |TS  0|AC  0|TAMS 0x0000000084b00000, 0x0000000084b00000|
|  58|0x0000000084c00000, 0x0000000084c00000, 0x0000000084d00000|  0%| F|  |TS  0|AC  0|TAMS 0x0000000084c00000, 0x0000000084c00000|
|  59|0x0000000084d00000, 0x0000000084d00000, 0x0000000084e00000|  0%| F|  |TS  0|AC  0|TAMS 0x0000000084d00000, 0x0000000084d00000|
|  60|0x0000000084e00000, 0x0000000084e00000, 0x0000000084f00000|  0%| F|  |TS  0|AC  0|TAMS 0x0000000084e00000, 0x0000000084e00000|
|  61|0x0000000084f00000, 0x0000000084f00000, 0x0000000085000000|  0%| F|  |TS  0|AC  0|TAMS 0x0000000084f00000, 0x0000000084f00000|
|  62|0x0000000085000000, 0x0000000085000000, 0x0000000085100000|  0%| F|  |TS  0|AC  0|TAMS 0x0000000085000000, 0x0000000085000000|
|  63|0x0000000085100000, 0x0000000085100000, 0x0000000085200000|  0%| F|  |TS  0|AC  0|TAMS 0x0000000085100000, 0x0000000085100000|
|  64|0x0000000085200000, 0x0000000085200000, 0x0000000085300000|  0%| F|  |TS  0|AC  0|TAMS 0x0000000085200000, 0x0000000085200000|
|  65|0x0000000085300000, 0x0000000085300000, 0x0000000085400000|  0%| F|  |TS  0|AC  0|TAMS 0x0000000085300000, 0x0000000085300000|
|  66|0x0000000085400000, 0x0000000085400000, 0x0000000085500000|  0%| F|  |TS  0|AC  0|TAMS 0x0000000085400000, 0x0000000085400000|
|  67|0x0000000085500000, 0x0000000085500000, 0x0000000085600000|  0%| F|  |TS  0|AC  0|TAMS 0x0000000085500000, 0x0000000085500000|
|  68|0x0000000085600000, 0x0000000085600000, 0x0000000085700000|  0%| F|  |TS  0|AC  0|TAMS 0x0000000085600000, 0x0000000085600000|
|  69|0x0000000085700000, 0x0000000085700000, 0x0000000085800000|  0%| F|  |TS  0|AC  0|TAMS 0x0000000085700000, 0x0000000085700000|
|  70|0x0000000085800000, 0x0000000085800000, 0x0000000085900000|  0%| F|  |TS  0|AC  0|TAMS 0x0000000085800000, 0x0000000085800000|
|  71|0x0000000085900000, 0x0000000085900000, 0x0000000085a00000|  0%| F|  |TS  0|AC  0|TAMS 0x0000000085900000, 0x0000000085900000|
|  72|0x0000000085a00000, 0x0000000085a00000, 0x0000000085b00000|  0%| F|  |TS  0|AC  0|TAMS 0x0000000085a00000, 0x0000000085a00000|
|  73|0x0000000085b00000, 0x0000000085b00000, 0x0000000085c00000|  0%| F|  |TS  0|AC  0|TAMS 0x0000000085b00000, 0x0000000085b00000|
|  74|0x0000000085c00000, 0x0000000085c00000, 0x0000000085d00000|  0%| F|  |TS  0|AC  0|TAMS 0x0000000085c00000, 0x0000000085c00000|
|  75|0x0000000085d00000, 0x0000000085d00000, 0x0000000085e00000|  0%| F|  |TS  0|AC  0|TAMS 0x0000000085d00000, 0x0000000085d00000|
|  76|0x0000000085e00000, 0x0000000085e00000, 0x0000000085f00000|  0%| F|  |TS  0|AC  0|TAMS 0x0000000085e00000, 0x0000000085e00000|
|  77|0x0000000085f00000, 0x0000000085f00000, 0x0000000086000000|  0%| F|  |TS  0|AC  0|TAMS 0x0000000085f00000, 0x0000000085f00000|
|  78|0x0000000086000000, 0x0000000086000000, 0x0000000086100000|  0%| F|  |TS  0|AC  0|TAMS 0x0000000086000000, 0x0000000086000000|
|  79|0x0000000086100000, 0x0000000086100000, 0x0000000086200000|  0%| F|  |TS  0|AC  0|TAMS 0x0000000086100000, 0x0000000086100000|
|  80|0x0000000086200000, 0x0000000086200000, 0x0000000086300000|  0%| F|  |TS  0|AC  0|TAMS 0x0000000086200000, 0x0000000086200000|
|  81|0x0000000086300000, 0x0000000086300000, 0x0000000086400000|  0%| F|  |TS  0|AC  0|TAMS 0x0000000086300000, 0x0000000086300000|
|  82|0x0000000086400000, 0x0000000086400000, 0x0000000086500000|  0%| F|  |TS  0|AC  0|TAMS 0x0000000086400000, 0x0000000086400000|
|  83|0x0000000086500000, 0x0000000086500000, 0x0000000086600000|  0%| F|  |TS  0|AC  0|TAMS 0x0000000086500000, 0x0000000086500000|
|  84|0x0000000086600000, 0x0000000086600000, 0x0000000086700000|  0%| F|  |TS  0|AC  0|TAMS 0x0000000086600000, 0x0000000086600000|
|  85|0x0000000086700000, 0x0000000086700000, 0x0000000086800000|  0%| F|  |TS  0|AC  0|TAMS 0x0000000086700000, 0x0000000086700000|
|  86|0x0000000086800000, 0x0000000086800000, 0x0000000086900000|  0%| F|  |TS  0|AC  0|TAMS 0x0000000086800000, 0x0000000086800000|
|  87|0x0000000086900000, 0x0000000086900000, 0x0000000086a00000|  0%| F|  |TS  0|AC  0|TAMS 0x0000000086900000, 0x0000000086900000|
|  88|0x0000000086a00000, 0x0000000086a00000, 0x0000000086b00000|  0%| F|  |TS  0|AC  0|TAMS 0x0000000086a00000, 0x0000000086a00000|
|  89|0x0000000086b00000, 0x0000000086b00000, 0x0000000086c00000|  0%| F|  |TS  0|AC  0|TAMS 0x0000000086b00000, 0x0000000086b00000|
|  90|0x0000000086c00000, 0x0000000086c00000, 0x0000000086d00000|  0%| F|  |TS  0|AC  0|TAMS 0x0000000086c00000, 0x0000000086c00000|
|  91|0x0000000086d00000, 0x0000000086d00000, 0x0000000086e00000|  0%| F|  |TS  0|AC  0|TAMS 0x0000000086d00000, 0x0000000086d00000|
|  92|0x0000000086e00000, 0x0000000086e00000, 0x0000000086f00000|  0%| F|  |TS  0|AC  0|TAMS 0x0000000086e00000, 0x0000000086e00000|
|  93|0x0000000086f00000, 0x0000000086f00000, 0x0000000087000000|  0%| F|  |TS  0|AC  0|TAMS 0x0000000086f00000, 0x0000000086f00000|
|  94|0x0000000087000000, 0x0000000087000000, 0x0000000087100000|  0%| F|  |TS  0|AC  0|TAMS 0x0000000087000000, 0x0000000087000000|
|  95|0x0000000087100000, 0x0000000087100000, 0x0000000087200000|  0%| F|  |TS  0|AC  0|TAMS 0x0000000087100000, 0x0000000087100000|
|  96|0x0000000087200000, 0x0000000087200000, 0x0000000087300000|  0%| F|  |TS  0|AC  0|TAMS 0x0000000087200000, 0x0000000087200000|
|  97|0x0000000087300000, 0x0000000087300000, 0x0000000087400000|  0%| F|  |TS  0|AC  0|TAMS 0x0000000087300000, 0x0000000087300000|
|  98|0x0000000087400000, 0x0000000087400000, 0x0000000087500000|  0%| F|  |TS  0|AC  0|TAMS 0x0000000087400000, 0x0000000087400000|
|  99|0x0000000087500000, 0x0000000087500000, 0x0000000087600000|  0%| F|  |TS  0|AC  0|TAMS 0x0000000087500000, 0x0000000087500000|
| 100|0x0000000087600000, 0x0000000087600000, 0x0000000087700000|  0%| F|  |TS  0|AC  0|TAMS 0x0000000087600000, 0x0000000087600000|
| 101|0x0000000087700000, 0x0000000087700000, 0x0000000087800000|  0%| F|  |TS  0|AC  0|TAMS 0x0000000087700000, 0x0000000087700000|
| 102|0x0000000087800000, 0x0000000087800000, 0x0000000087900000|  0%| F|  |TS  0|AC  0|TAMS 0x0000000087800000, 0x0000000087800000|
| 103|0x0000000087900000, 0x0000000087900000, 0x0000000087a00000|  0%| F|  |TS  0|AC  0|TAMS 0x0000000087900000, 0x0000000087900000|
| 104|0x0000000087a00000, 0x0000000087a00000, 0x0000000087b00000|  0%| F|  |TS  0|AC  0|TAMS 0x0000000087a00000, 0x0000000087a00000|
| 105|0x0000000087b00000, 0x0000000087b00000, 0x0000000087c00000|  0%| F|  |TS  0|AC  0|TAMS 0x0000000087b00000, 0x0000000087b00000|
| 106|0x0000000087c00000, 0x0000000087c00000, 0x0000000087d00000|  0%| F|  |TS  0|AC  0|TAMS 0x0000000087c00000, 0x0000000087c00000|
| 107|0x0000000087d00000, 0x0000000087d00000, 0x0000000087e00000|  0%| F|  |TS  0|AC  0|TAMS 0x0000000087d00000, 0x0000000087d00000|
| 108|0x0000000087e00000, 0x0000000087e00000, 0x0000000087f00000|  0%| F|  |TS  0|AC  0|TAMS 0x0000000087e00000, 0x0000000087e00000|
| 109|0x0000000087f00000, 0x0000000087f00000, 0x0000000088000000|  0%| F|  |TS  0|AC  0|TAMS 0x0000000087f00000, 0x0000000087f00000|
| 110|0x0000000088000000, 0x0000000088000000, 0x0000000088100000|  0%| F|  |TS  0|AC  0|TAMS 0x0000000088000000, 0x0000000088000000|
| 111|0x0000000088100000, 0x0000000088100000, 0x0000000088200000|  0%| F|  |TS  0|AC  0|TAMS 0x0000000088100000, 0x0000000088100000|
| 112|0x0000000088200000, 0x0000000088200000, 0x0000000088300000|  0%| F|  |TS  0|AC  0|TAMS 0x0000000088200000, 0x0000000088200000|
| 113|0x0000000088300000, 0x000000008837b650, 0x0000000088400000| 48%| E|  |TS  0|AC  0|TAMS 0x0000000088300000, 0x0000000088300000|
| 114|0x0000000088400000, 0x0000000088500000, 0x0000000088500000|100%| E|CS|TS  0|AC  0|TAMS 0x0000000088400000, 0x0000000088400000|
| 115|0x0000000088500000, 0x0000000088600000, 0x0000000088600000|100%| E|CS|TS  0|AC  0|TAMS 0x0000000088500000, 0x0000000088500000|
| 116|0x0000000088600000, 0x0000000088700000, 0x0000000088700000|100%| E|CS|TS  0|AC  0|TAMS 0x0000000088600000, 0x0000000088600000|
| 117|0x0000000088700000, 0x0000000088800000, 0x0000000088800000|100%| E|CS|TS  0|AC  0|TAMS 0x0000000088700000, 0x0000000088700000|
| 118|0x0000000088800000, 0x0000000088900000, 0x0000000088900000|100%| E|CS|TS  0|AC  0|TAMS 0x0000000088800000, 0x0000000088800000|
| 119|0x0000000088900000, 0x0000000088a00000, 0x0000000088a00000|100%| E|CS|TS  0|AC  0|TAMS 0x0000000088900000, 0x0000000088900000|
| 120|0x0000000088a00000, 0x0000000088b00000, 0x0000000088b00000|100%| E|CS|TS  0|AC  0|TAMS 0x0000000088a00000, 0x0000000088a00000|
| 121|0x0000000088b00000, 0x0000000088c00000, 0x0000000088c00000|100%| E|CS|TS  0|AC  0|TAMS 0x0000000088b00000, 0x0000000088b00000|
| 122|0x0000000088c00000, 0x0000000088d00000, 0x0000000088d00000|100%| E|CS|TS  0|AC  0|TAMS 0x0000000088c00000, 0x0000000088c00000|
| 123|0x0000000088d00000, 0x0000000088e00000, 0x0000000088e00000|100%| E|CS|TS  0|AC  0|TAMS 0x0000000088d00000, 0x0000000088d00000|
| 124|0x0000000088e00000, 0x0000000088f00000, 0x0000000088f00000|100%| E|CS|TS  0|AC  0|TAMS 0x0000000088e00000, 0x0000000088e00000|
| 125|0x0000000088f00000, 0x0000000089000000, 0x0000000089000000|100%| E|CS|TS  0|AC  0|TAMS 0x0000000088f00000, 0x0000000088f00000|
| 126|0x0000000089000000, 0x0000000089100000, 0x0000000089100000|100%| E|CS|TS  0|AC  0|TAMS 0x0000000089000000, 0x0000000089000000|
| 127|0x0000000089100000, 0x0000000089200000, 0x0000000089200000|100%| E|CS|TS  0|AC  0|TAMS 0x0000000089100000, 0x0000000089100000|

Card table byte_map: [0x0000016cdd040000,0x0000016cdd440000] byte_map_base: 0x0000016cdcc37000

Marking Bits (Prev, Next): (CMBitMap*) 0x0000016ce1804880, (CMBitMap*) 0x0000016ce18048b8
 Prev Bits: [0x0000016cdd840000, 0x0000016cdf7f8000)
 Next Bits: [0x0000016cdf800000, 0x0000016ce17b8000)

Polling page: 0x0000016cbecd0000

CodeHeap 'non-profiled nmethods': size=120000Kb used=227Kb max_used=227Kb free=119772Kb
 bounds [0x0000016cd48a0000, 0x0000016cd4b10000, 0x0000016cdbdd0000]
CodeHeap 'profiled nmethods': size=120000Kb used=1107Kb max_used=1107Kb free=118892Kb
 bounds [0x0000016ccd370000, 0x0000016ccd5e0000, 0x0000016cd48a0000]
CodeHeap 'non-nmethods': size=5760Kb used=1268Kb max_used=1276Kb free=4491Kb
 bounds [0x0000016cccdd0000, 0x0000016ccd040000, 0x0000016ccd370000]
 total_blobs=1262 nmethods=685 adapters=366
 compilation: enabled

Compilation events (10 events):
Event: 7.137 Thread 0x0000016ce4b64000 nmethod 656 0x0000016ccd479190 code [0x0000016ccd4793c0, 0x0000016ccd479ce0]
Event: 7.137 Thread 0x0000016ce4b64000  659       3       java.util.Arrays::fill (28 bytes)
Event: 7.137 Thread 0x0000016ce4b64000 nmethod 659 0x0000016ccd479f90 code [0x0000016ccd47a160, 0x0000016ccd47a550]
Event: 7.137 Thread 0x0000016ce4b64000  660       3       java.util.Arrays::rangeCheck (74 bytes)
Event: 7.138 Thread 0x0000016ce4b64000 nmethod 660 0x0000016ccd47a690 code [0x0000016ccd47a980, 0x0000016ccd47b930]
Event: 7.138 Thread 0x0000016ce4b64000  661       3       java.util.ArrayList::iterator (9 bytes)
Event: 7.138 Thread 0x0000016ce4b64000 nmethod 661 0x0000016ccd47be10 code [0x0000016ccd47bfc0, 0x0000016ccd47c298]
Event: 7.138 Thread 0x0000016ce4b64000  662       3       java.util.ArrayList$Itr::<init> (26 bytes)
Event: 7.138 Thread 0x0000016ce4b64000 nmethod 662 0x0000016ccd47c390 code [0x0000016ccd47c540, 0x0000016ccd47c778]
Event: 7.144 Thread 0x0000016ce4b58000 nmethod 649 0x0000016cd48d5990 code [0x0000016cd48d5ce0, 0x0000016cd48d68c0]

GC Heap History (0 events):
No events

Deoptimization events (1 events):
Event: 2.371 Thread 0x0000016cc0de5000 Uncommon trap: reason=unstable_if action=reinterpret pc=0x0000016cd48a32fc method=java.lang.String.charAt(I)C @ 4 c2

Classes redefined (0 events):
No events

Internal exceptions (10 events):
Event: 3.884 Thread 0x0000016cc0de5000 Exception <a 'java/lang/NoSuchMethodError'{0x0000000088a074b0}: java.lang.invoke.DelegatingMethodHandle$Holder.reinvoke_L(Ljava/lang/Object;IILjava/lang/Object;Ljava/lang/Object;Ljava/lang/Object;)Ljava/lang/Object;> (0x0000000088a074b0) thrown at [t:/wor
Event: 3.885 Thread 0x0000016cc0de5000 Exception <a 'java/lang/NoSuchMethodError'{0x0000000088a0c9d8}: method resolution failed> (0x0000000088a0c9d8) thrown at [t:/workspace/hotspot/src/share/vm/prims/methodHandles.cpp, line 1256]
Event: 3.888 Thread 0x0000016cc0de5000 Exception <a 'java/lang/NoSuchMethodError'{0x0000000088a21e68}: method resolution failed> (0x0000000088a21e68) thrown at [t:/workspace/hotspot/src/share/vm/prims/methodHandles.cpp, line 1256]
Event: 3.891 Thread 0x0000016cc0de5000 Exception <a 'java/lang/NoSuchMethodError'{0x0000000088a37f08}: method resolution failed> (0x0000000088a37f08) thrown at [t:/workspace/hotspot/src/share/vm/prims/methodHandles.cpp, line 1256]
Event: 3.893 Thread 0x0000016cc0de5000 Exception <a 'java/lang/NoSuchMethodError'{0x0000000088a4fa00}: method resolution failed> (0x0000000088a4fa00) thrown at [t:/workspace/hotspot/src/share/vm/prims/methodHandles.cpp, line 1256]
Event: 3.896 Thread 0x0000016cc0de5000 Exception <a 'java/lang/NoSuchMethodError'{0x0000000088a68e70}: method resolution failed> (0x0000000088a68e70) thrown at [t:/workspace/hotspot/src/share/vm/prims/methodHandles.cpp, line 1256]
Event: 3.898 Thread 0x0000016cc0de5000 Exception <a 'java/io/FileNotFoundException'{0x0000000088a723b8}> (0x0000000088a723b8) thrown at [t:/workspace/hotspot/src/share/vm/prims/jni.cpp, line 604]
Event: 5.885 Thread 0x0000016ce53dd000 Exception <a 'java/lang/NoSuchMethodError'{0x0000000088882320}: java.lang.invoke.DirectMethodHandle$Holder.invokeSpecial(Ljava/lang/Object;Ljava/lang/Object;)V> (0x0000000088882320) thrown at [t:/workspace/hotspot/src/share/vm/interpreter/linkResolver.cpp
Event: 5.889 Thread 0x0000016cc0de5000 Exception <a 'java/lang/NoSuchMethodError'{0x0000000088868280}: java.lang.invoke.DirectMethodHandle$Holder.invokeStatic(Ljava/lang/Object;Ljava/lang/Object;Ljava/lang/Object;Ljava/lang/Object;Ljava/lang/Object;Ljava/lang/Object;Ljava/lang/Object;Ljava/lan
Event: 5.891 Thread 0x0000016cc0de5000 Exception <a 'java/lang/NoSuchMethodError'{0x00000000888fe610}: java.lang.invoke.DirectMethodHandle$Holder.invokeStatic(Ljava/lang/Object;Ljava/lang/Object;Ljava/lang/Object;Ljava/lang/Object;Ljava/lang/Object;Ljava/lang/Object;Ljava/lang/Object;Ljava/lan

Events (10 events):
Event: 7.116 loading class java/util/concurrent/locks/ReentrantReadWriteLock$Sync done
Event: 7.116 loading class java/util/concurrent/locks/ReentrantReadWriteLock$NonfairSync done
Event: 7.116 loading class java/util/concurrent/locks/ReentrantReadWriteLock$Sync$ThreadLocalHoldCounter
Event: 7.116 loading class java/util/concurrent/locks/ReentrantReadWriteLock$Sync$ThreadLocalHoldCounter done
Event: 7.116 loading class java/util/concurrent/locks/ReentrantReadWriteLock$ReadLock
Event: 7.116 loading class java/util/concurrent/locks/ReentrantReadWriteLock$ReadLock done
Event: 7.116 loading class java/util/concurrent/locks/ReentrantReadWriteLock$WriteLock
Event: 7.116 loading class java/util/concurrent/locks/ReentrantReadWriteLock$WriteLock done
Event: 7.136 loading class java/lang/invoke/BoundMethodHandle$Species_L6IIL
Event: 7.136 loading class java/lang/invoke/BoundMethodHandle$Species_L6IIL done


Dynamic libraries:
0x00007ff7762f0000 - 0x00007ff77632e000 	C:\Program Files\Java\jdk-9.0.4\bin\java.exe
0x00007ffb9f5e0000 - 0x00007ffb9f7c0000 	C:\WINDOWS\SYSTEM32\ntdll.dll
0x00007ffb9d130000 - 0x00007ffb9d1de000 	C:\WINDOWS\System32\KERNEL32.DLL
0x00007ffb9c510000 - 0x00007ffb9c776000 	C:\WINDOWS\System32\KERNELBASE.dll
0x00007ffb9eb10000 - 0x00007ffb9ebb1000 	C:\WINDOWS\System32\ADVAPI32.dll
0x00007ffb9e8f0000 - 0x00007ffb9e98d000 	C:\WINDOWS\System32\msvcrt.dll
0x00007ffb9f530000 - 0x00007ffb9f58b000 	C:\WINDOWS\System32\sechost.dll
0x00007ffb9cfa0000 - 0x00007ffb9d0bf000 	C:\WINDOWS\System32\RPCRT4.dll
0x00007ffb9eec0000 - 0x00007ffb9f04f000 	C:\WINDOWS\System32\USER32.dll
0x00007ffb9c800000 - 0x00007ffb9c820000 	C:\WINDOWS\System32\win32u.dll
0x00007ffb9ebc0000 - 0x00007ffb9ebe8000 	C:\WINDOWS\System32\GDI32.dll
0x00007ffb9c820000 - 0x00007ffb9c9b3000 	C:\WINDOWS\System32\gdi32full.dll
0x00007ffb9ca10000 - 0x00007ffb9caab000 	C:\WINDOWS\System32\msvcp_win.dll
0x00007ffb9bc60000 - 0x00007ffb9bd56000 	C:\WINDOWS\System32\ucrtbase.dll
0x00007ffb92a90000 - 0x00007ffb92cf9000 	C:\WINDOWS\WinSxS\amd64_microsoft.windows.common-controls_6595b64144ccf1df_6.0.16299.248_none_15ced204935f55d7\COMCTL32.dll
0x00007ffb95310000 - 0x00007ffb9531a000 	C:\WINDOWS\SYSTEM32\VERSION.dll
0x00007ffb9f050000 - 0x00007ffb9f358000 	C:\WINDOWS\System32\combase.dll
0x00007ffb9c780000 - 0x00007ffb9c7f2000 	C:\WINDOWS\System32\bcryptPrimitives.dll
0x00007ffb9ee30000 - 0x00007ffb9ee5d000 	C:\WINDOWS\System32\IMM32.DLL
0x00007ffb91b70000 - 0x00007ffb91c5f000 	C:\Program Files\Java\jdk-9.0.4\bin\msvcr120.dll
0x00007ffb91ac0000 - 0x00007ffb91b66000 	C:\Program Files\Java\jdk-9.0.4\bin\msvcp120.dll
0x0000000073500000 - 0x0000000073f25000 	C:\Program Files\Java\jdk-9.0.4\bin\server\jvm.dll
0x00007ffb9ec70000 - 0x00007ffb9ec78000 	C:\WINDOWS\System32\PSAPI.DLL
0x00007ffb8c4d0000 - 0x00007ffb8c4d9000 	C:\WINDOWS\SYSTEM32\WSOCK32.dll
0x00007ffb99590000 - 0x00007ffb995b3000 	C:\WINDOWS\SYSTEM32\WINMM.dll
0x00007ffb9d0c0000 - 0x00007ffb9d12c000 	C:\WINDOWS\System32\WS2_32.dll
0x00007ffb99550000 - 0x00007ffb9957a000 	C:\WINDOWS\SYSTEM32\winmmbase.dll
0x00007ffb9c9c0000 - 0x00007ffb9ca0a000 	C:\WINDOWS\System32\cfgmgr32.dll
0x00007ffb99730000 - 0x00007ffb9973f000 	C:\Program Files\Java\jdk-9.0.4\bin\verify.dll
0x00007ffb99060000 - 0x00007ffb99087000 	C:\Program Files\Java\jdk-9.0.4\bin\java.dll
0x00007ffb990d0000 - 0x00007ffb99106000 	C:\Program Files\Java\jdk-9.0.4\bin\jdwp.dll
0x00007ffb96630000 - 0x00007ffb9665a000 	C:\Program Files\Java\jdk-9.0.4\bin\instrument.dll
0x00007ffb97f80000 - 0x00007ffb97f96000 	C:\Program Files\Java\jdk-9.0.4\bin\zip.dll
0x00007ffb96660000 - 0x00007ffb9666a000 	C:\Program Files\Java\jdk-9.0.4\bin\jimage.dll
0x00007ffb9d4b0000 - 0x00007ffb9e8e6000 	C:\WINDOWS\System32\SHELL32.dll
0x00007ffb9d330000 - 0x00007ffb9d3d6000 	C:\WINDOWS\System32\shcore.dll
0x00007ffb9bdc0000 - 0x00007ffb9c507000 	C:\WINDOWS\System32\windows.storage.dll
0x00007ffb9f4d0000 - 0x00007ffb9f521000 	C:\WINDOWS\System32\shlwapi.dll
0x00007ffb9b9c0000 - 0x00007ffb9b9d1000 	C:\WINDOWS\System32\kernel.appcore.dll
0x00007ffb9b970000 - 0x00007ffb9b9bc000 	C:\WINDOWS\System32\powrprof.dll
0x00007ffb9b950000 - 0x00007ffb9b96b000 	C:\WINDOWS\System32\profapi.dll
0x00007ffb956e0000 - 0x00007ffb956fa000 	C:\Program Files\Java\jdk-9.0.4\bin\net.dll
0x00007ffb970f0000 - 0x00007ffb971ce000 	C:\WINDOWS\SYSTEM32\WINHTTP.dll
0x00007ffb9b1c0000 - 0x00007ffb9b226000 	C:\WINDOWS\system32\mswsock.dll
0x00007ffb956c0000 - 0x00007ffb956d1000 	C:\Program Files\Java\jdk-9.0.4\bin\nio.dll
0x00007ffb98300000 - 0x00007ffb9830a000 	C:\Program Files\Java\jdk-9.0.4\bin\dt_socket.dll
0x00007ffb80470000 - 0x00007ffb80609000 	C:\Program Files\Java\jdk-9.0.4\bin\awt.dll
0x00007ffb9d3e0000 - 0x00007ffb9d4a5000 	C:\WINDOWS\System32\OLEAUT32.dll
0x00007ffb987e0000 - 0x00007ffb98d98000 	C:\WINDOWS\SYSTEM32\d2d1.dll
0x00007ffb9ba90000 - 0x00007ffb9bc5e000 	C:\WINDOWS\System32\CRYPT32.dll
0x00007ffb9b930000 - 0x00007ffb9b942000 	C:\WINDOWS\System32\MSASN1.dll
0x00007ffb997d0000 - 0x00007ffb99858000 	C:\WINDOWS\SYSTEM32\apphelp.dll
0x00007ffb99d40000 - 0x00007ffb99d6a000 	C:\WINDOWS\system32\DWMAPI.DLL
0x00007ffb99c50000 - 0x00007ffb99ce5000 	C:\WINDOWS\system32\uxtheme.dll
0x00007ffb73750000 - 0x00007ffb7386e000 	C:\WINDOWS\system32\opengl32.dll
0x00007ffb865b0000 - 0x00007ffb865dc000 	C:\WINDOWS\SYSTEM32\GLU32.dll
0x00007ffb9f360000 - 0x00007ffb9f4c7000 	C:\WINDOWS\System32\MSCTF.dll
0x00007ffb9d1e0000 - 0x00007ffb9d329000 	C:\WINDOWS\System32\ole32.dll
0x00007ffb87b30000 - 0x00007ffb87cf8000 	C:\WINDOWS\SYSTEM32\dbghelp.dll

VM Arguments:
jvm_args: -agentlib:jdwp=transport=dt_socket,address=127.0.0.1:54337,suspend=y,server=n -javaagent:C:\Users\josep_000\.IdeaIC2017.3\system\captureAgent\debugger-agent.jar=C:\Users\josep_000\AppData\Local\Temp\capture1140.props -Dfile.encoding=UTF-8 
java_command: byog.Core.WorldGeneration
java_class_path (initial): C:\Users\josep_000\cs61b\sp18-aek\library-sp18\javalib;C:\Users\josep_000\cs61b\sp18-aek\proj2\out\production\proj2;C:\Users\josep_000\cs61b\sp18-aek\library-sp18\javalib\algs4.jar;C:\Users\josep_000\cs61b\sp18-aek\library-sp18\javalib\jh61b.jar;C:\Users\josep_000\cs61b\sp18-aek\library-sp18\javalib\stdlib.jar;C:\Users\josep_000\cs61b\sp18-aek\library-sp18\javalib\junit-4.12.jar;C:\Users\josep_000\cs61b\sp18-aek\library-sp18\javalib\stdlib-package.jar;C:\Users\josep_000\cs61b\sp18-aek\library-sp18\javalib\hamcrest-core-1.3.jar;C:\Program Files\JetBrains\IntelliJ IDEA Community Edition 2017.3.3\lib\idea_rt.jar
Launcher Type: SUN_STANDARD

Logging:
Log output configuration:
#0: stdout all=warning uptime,level,tags
#1: stderr all=off uptime,level,tags

Environment Variables:
JAVA_HOME=C:\Program Files\Java\jdk-9.0.1
PATH=C:\ProgramData\Oracle\Java\javapath;C:\Program Files (x86)\Intel\iCLS Client\;C:\Program Files\Intel\iCLS Client\;C:\WINDOWS\system32;C:\WINDOWS;C:\WINDOWS\System32\Wbem;C:\WINDOWS\System32\WindowsPowerShell\v1.0\;C:\Program Files (x86)\Intel\OpenCL SDK\3.0\bin\x86;C:\Program Files (x86)\Intel\OpenCL SDK\3.0\bin\x64;C:\Program Files\Intel\Intel(R) Management Engine Components\DAL;C:\Program Files\Intel\Intel(R) Management Engine Components\IPT;C:\Program Files (x86)\Intel\Intel(R) Management Engine Components\DAL;C:\Program Files (x86)\Intel\Intel(R) Management Engine Components\IPT;C:\Program Files (x86)\GtkSharp\2.12\bin;C:\Program Files (x86)\Skype\Phone\;C:\Program Files\Git\cmd;C:\Program Files\Java\jdk-9.0.1\bin;C:\Users\josep_000\AppData\Local\Microsoft\WindowsApps;C:\Users\josep_000\AppData\Local\atom\bin;C:\Users\josep_000;C:\Users\josep_000\AppData\Local\Microsoft\WindowsApps;C:\Users\josep_000\AppData\Local\GitHubDesktop\bin
USERNAME=Hosafe
OS=Windows_NT
PROCESSOR_IDENTIFIER=Intel64 Family 6 Model 60 Stepping 3, GenuineIntel



---------------  S Y S T E M  ---------------

OS: Windows 10 , 64 bit Build 16299 (10.0.16299.15)

CPU:total 8 (initial active 8) (4 cores per cpu, 2 threads per core) family 6 model 60 stepping 3, cmov, cx8, fxsr, mmx, sse, sse2, sse3, ssse3, sse4.1, sse4.2, popcnt, avx, avx2, aes, clmul, erms, lzcnt, ht, tsc, tscinvbit, bmi1, bmi2, fma

Memory: 4k page, physical 8307412k(468972k free), swap 13427412k(0k free)

vm_info: Java HotSpot(TM) 64-Bit Server VM (9.0.4+11) for windows-amd64 JRE (9.0.4+11), built on Dec 20 2017 02:18:54 by "mach5one" with MS VC++ 12.0 (VS2013)

END.
